<?xml version="1.0" encoding="UTF-8"?>
<!-- Generated by org.testng.reporters.JUnitReportReporter -->
<testsuite hostname="ALis-MacBook-Pro.local" failures="0" tests="4" name="com.nopcommerce.tests.HomePageTest" time="0.434" errors="0" timestamp="2022-02-17T19:55:15 PST" skipped="0">
  <testcase classname="com.nopcommerce.tests.HomePageTest" name="validatePageTitleTest" time="0.160"/>
  <system-out/>
  <testcase classname="com.nopcommerce.tests.HomePageTest" name="verifiedLogoTest" time="0.154"/>
  <system-out/>
  <testcase classname="com.nopcommerce.tests.HomePageTest" name="verifyRegisterLinkTest" time="0.045"/>
  <system-out/>
  <testcase classname="com.nopcommerce.tests.HomePageTest" name="verifyLoginLinkTest" time="0.075"/>
  <system-out/>
</testsuite> <!-- com.nopcommerce.tests.HomePageTest -->
