<?xml version="1.0" encoding="UTF-8"?>
<!-- Generated by org.testng.reporters.JUnitReportReporter -->
<testsuite hostname="ALis-MacBook-Pro.local" failures="0" tests="3" name="com.nopcommerce.tests.LoginPageTest" time="3.904" errors="0" timestamp="2022-02-17T19:55:15 PST" skipped="0">
  <testcase classname="com.nopcommerce.tests.LoginPageTest" name="verifyLoginPageNameTest" time="0.083"/>
  <system-out/>
  <testcase classname="com.nopcommerce.tests.LoginPageTest" name="verifyRegisterButtonStatusTest" time="0.069"/>
  <system-out/>
  <testcase classname="com.nopcommerce.tests.LoginPageTest" name="validateUserLoginTest" time="3.752"/>
  <system-out/>
</testsuite> <!-- com.nopcommerce.tests.LoginPageTest -->
