<?xml version="1.0" encoding="UTF-8"?>
<!-- Generated by org.testng.reporters.JUnitReportReporter -->
<testsuite hostname="ALis-MacBook-Pro.local" failures="0" tests="1" name="com.nopcommerce.tests.RegisterPageTest" time="7.203" errors="0" timestamp="2022-02-17T19:55:15 PST" skipped="0">
  <testcase classname="com.nopcommerce.tests.RegisterPageTest" name="registerNewUserTest" time="7.203"/>
  <system-out/>
</testsuite> <!-- com.nopcommerce.tests.RegisterPageTest -->
